<?xml version="1.0" encoding="UTF-8"?>
<testsuite name="com.dummyproject.MoodAnalyser" tests="2" skipped="0" failures="0" errors="0" timestamp="2019-11-26T04:55:18" hostname="admin1-LIVA-Z2V" time="0.009">
  <properties/>
  <testcase name="shouldReturn_HAPPY_ForHappyMesssage" classname="com.dummyproject.MoodAnalyser" time="0.004"/>
  <testcase name="shouldReturn_SAD_ForSADmessage" classname="com.dummyproject.MoodAnalyser" time="0.003"/>
  <system-out><![CDATA[]]></system-out>
  <system-err><![CDATA[]]></system-err>
</testsuite>
